# JRE version: Java(TM) SE Runtime Environment (17.0.17+8) (build 17.0.17+8-LTS-360)
# Java VM: Java HotSpot(TM) 64-Bit Server VM (17.0.17+8-LTS-360, mixed mode, sharing, tiered, compressed oops, compressed class ptrs, g1 gc, windows-amd64)
GC Precious Log:
 CPUs: 4 total, 4 available
 Memory: 3978M
 Large Page Support: Disabled
 NUMA Support: Disabled
 Compressed Oops: Enabled (32-bit)
 Heap Region Size: 1M
 Heap Min Capacity: 8M
 Heap Initial Capacity: 64M
 Heap Max Capacity: 996M
 Pre-touch: Disabled
 Parallel Workers: 4
 Concurrent Workers: 1
 Concurrent Refinement Workers: 4
 Periodic GC: Disabled
Heap:
 garbage-first heap   total 50176K, used 35208K [0x00000000c1c00000, 0x0000000100000000)
  region size 1024K, 9 young (9216K), 1 survivors (1024K)
 Metaspace       used 64615K, committed 65152K, reserved 1114112K
  class space    used 9045K, committed 9280K, reserved 1048576K
GC Heap History (20 events):
Event: 19.041 GC heap before
{Heap before GC invocations=10 (full 0):
 garbage-first heap   total 48128K, used 25397K [0x00000000c1c00000, 0x0000000100000000)
  region size 1024K, 9 young (9216K), 2 survivors (2048K)
 Metaspace       used 35468K, committed 35968K, reserved 1114112K
  class space    used 4790K, committed 5056K, reserved 1048576K
}
Event: 19.047 GC heap after
{Heap after GC invocations=11 (full 0):
 garbage-first heap   total 48128K, used 19808K [0x00000000c1c00000, 0x0000000100000000)
  region size 1024K, 2 young (2048K), 2 survivors (2048K)
 Metaspace       used 35468K, committed 35968K, reserved 1114112K
  class space    used 4790K, committed 5056K, reserved 1048576K
}
Event: 20.260 GC heap before
{Heap before GC invocations=12 (full 0):
 garbage-first heap   total 48128K, used 35168K [0x00000000c1c00000, 0x0000000100000000)
  region size 1024K, 18 young (18432K), 2 survivors (2048K)
 Metaspace       used 38549K, committed 39104K, reserved 1114112K
  class space    used 5358K, committed 5632K, reserved 1048576K
}
Event: 20.265 GC heap after
{Heap after GC invocations=13 (full 0):
 garbage-first heap   total 48128K, used 20561K [0x00000000c1c00000, 0x0000000100000000)
  region size 1024K, 2 young (2048K), 2 survivors (2048K)
 Metaspace       used 38549K, committed 39104K, reserved 1114112K
  class space    used 5358K, committed 5632K, reserved 1048576K
}
Event: 21.456 GC heap before
{Heap before GC invocations=13 (full 0):
 garbage-first heap   total 48128K, used 36945K [0x00000000c1c00000, 0x0000000100000000)
  region size 1024K, 19 young (19456K), 2 survivors (2048K)
 Metaspace       used 43922K, committed 44416K, reserved 1114112K
  class space    used 5972K, committed 6208K, reserved 1048576K
}
Event: 21.462 GC heap after
{Heap after GC invocations=14 (full 0):
 garbage-first heap   total 48128K, used 21908K [0x00000000c1c00000, 0x0000000100000000)
  region size 1024K, 3 young (3072K), 3 survivors (3072K)
 Metaspace       used 43922K, committed 44416K, reserved 1114112K
  class space    used 5972K, committed 6208K, reserved 1048576K
}
Event: 22.342 GC heap before
{Heap before GC invocations=14 (full 0):
 garbage-first heap   total 48128K, used 37268K [0x00000000c1c00000, 0x0000000100000000)
  region size 1024K, 19 young (19456K), 3 survivors (3072K)
 Metaspace       used 47487K, committed 48000K, reserved 1114112K
  class space    used 6435K, committed 6656K, reserved 1048576K
}
Event: 22.348 GC heap after
{Heap after GC invocations=15 (full 0):
 garbage-first heap   total 48128K, used 22579K [0x00000000c1c00000, 0x0000000100000000)
  region size 1024K, 2 young (2048K), 2 survivors (2048K)
 Metaspace       used 47487K, committed 48000K, reserved 1114112K
  class space    used 6435K, committed 6656K, reserved 1048576K
}
Event: 22.967 GC heap before
{Heap before GC invocations=15 (full 0):
 garbage-first heap   total 48128K, used 36915K [0x00000000c1c00000, 0x0000000100000000)
  region size 1024K, 17 young (17408K), 2 survivors (2048K)
 Metaspace       used 51598K, committed 52096K, reserved 1114112K
  class space    used 6947K, committed 7168K, reserved 1048576K
}
Event: 22.972 GC heap after
{Heap after GC invocations=16 (full 0):
 garbage-first heap   total 48128K, used 23355K [0x00000000c1c00000, 0x0000000100000000)
  region size 1024K, 2 young (2048K), 2 survivors (2048K)
 Metaspace       used 51598K, committed 52096K, reserved 1114112K
  class space    used 6947K, committed 7168K, reserved 1048576K
}
Event: 23.662 GC heap before
{Heap before GC invocations=16 (full 0):
 garbage-first heap   total 48128K, used 38715K [0x00000000c1c00000, 0x0000000100000000)
  region size 1024K, 17 young (17408K), 2 survivors (2048K)
 Metaspace       used 55592K, committed 56128K, reserved 1114112K
  class space    used 7727K, committed 8000K, reserved 1048576K
}
Event: 23.666 GC heap after
{Heap after GC invocations=17 (full 0):
 garbage-first heap   total 48128K, used 23629K [0x00000000c1c00000, 0x0000000100000000)
  region size 1024K, 2 young (2048K), 2 survivors (2048K)
 Metaspace       used 55592K, committed 56128K, reserved 1114112K
  class space    used 7727K, committed 8000K, reserved 1048576K
}
Event: 24.524 GC heap before
{Heap before GC invocations=18 (full 0):
 garbage-first heap   total 48128K, used 37965K [0x00000000c1c00000, 0x0000000100000000)
  region size 1024K, 17 young (17408K), 2 survivors (2048K)
 Metaspace       used 59268K, committed 59840K, reserved 1114112K
  class space    used 8297K, committed 8576K, reserved 1048576K
}
Event: 24.529 GC heap after
{Heap after GC invocations=19 (full 0):
 garbage-first heap   total 48128K, used 24433K [0x00000000c1c00000, 0x0000000100000000)
  region size 1024K, 2 young (2048K), 2 survivors (2048K)
 Metaspace       used 59268K, committed 59840K, reserved 1114112K
  class space    used 8297K, committed 8576K, reserved 1048576K
}
Event: 25.467 GC heap before
{Heap before GC invocations=19 (full 0):
 garbage-first heap   total 48128K, used 38769K [0x00000000c1c00000, 0x0000000100000000)
  region size 1024K, 16 young (16384K), 2 survivors (2048K)
 Metaspace       used 61153K, committed 61760K, reserved 1114112K
  class space    used 8574K, committed 8832K, reserved 1048576K
}
Event: 25.473 GC heap after
{Heap after GC invocations=20 (full 0):
 garbage-first heap   total 48128K, used 25649K [0x00000000c1c00000, 0x0000000100000000)
  region size 1024K, 2 young (2048K), 2 survivors (2048K)
 Metaspace       used 61153K, committed 61760K, reserved 1114112K
  class space    used 8574K, committed 8832K, reserved 1048576K
}
Event: 29.877 GC heap before
{Heap before GC invocations=21 (full 0):
 garbage-first heap   total 48128K, used 38961K [0x00000000c1c00000, 0x0000000100000000)
  region size 1024K, 15 young (15360K), 2 survivors (2048K)
 Metaspace       used 62864K, committed 63424K, reserved 1114112K
  class space    used 8827K, committed 9088K, reserved 1048576K
}
Event: 29.949 GC heap after
{Heap after GC invocations=22 (full 0):
 garbage-first heap   total 48128K, used 27171K [0x00000000c1c00000, 0x0000000100000000)
  region size 1024K, 2 young (2048K), 2 survivors (2048K)
 Metaspace       used 62864K, committed 63424K, reserved 1114112K
  class space    used 8827K, committed 9088K, reserved 1048576K
}
Event: 158.623 GC heap before
{Heap before GC invocations=22 (full 0):
 garbage-first heap   total 48128K, used 38435K [0x00000000c1c00000, 0x0000000100000000)
  region size 1024K, 13 young (13312K), 2 survivors (2048K)
 Metaspace       used 64530K, committed 65088K, reserved 1114112K
  class space    used 9045K, committed 9280K, reserved 1048576K
}
Event: 158.705 GC heap after
{Heap after GC invocations=23 (full 0):
 garbage-first heap   total 48128K, used 28040K [0x00000000c1c00000, 0x0000000100000000)
  region size 1024K, 1 young (1024K), 1 survivors (1024K)
 Metaspace       used 64530K, committed 65088K, reserved 1114112K
  class space    used 9045K, committed 9280K, reserved 1048576K
}

